{
  message: 'Database connected',
  level: 'info',
  label: 'University Management',
  timestamp: '2023-06-04T17:00:14.384Z'
}
{
  message: 'Server started at http://localhost:5000',
  level: 'info',
  label: 'University Management',
  timestamp: '2023-06-04T17:00:14.404Z'
}
{
  message: 'Database connected',
  level: 'info',
  label: 'University Management',
  timestamp: '2023-06-04T17:00:21.533Z'
}
{
  message: 'Server started at http://localhost:5000',
  level: 'info',
  label: 'University Management',
  timestamp: '2023-06-04T17:00:21.556Z'
}
{
  message: 'Database connected',
  level: 'info',
  label: 'University Management',
  timestamp: '2023-06-04T17:00:35.802Z'
}
{
  message: 'Server started at http://localhost:5000',
  level: 'info',
  label: 'University Management',
  timestamp: '2023-06-04T17:00:35.866Z'
}
{
  message: 'Database connected',
  level: 'info',
  label: 'University Management',
  timestamp: '2023-06-04T17:02:38.228Z'
}
{
  message: 'Server started at http://localhost:5000',
  level: 'info',
  label: 'University Management',
  timestamp: '2023-06-04T17:02:38.302Z'
}
{
  message: 'Database connected',
  level: 'info',
  label: 'University Management',
  timestamp: '2023-06-04T17:03:11.986Z'
}
{
  message: 'Server started at http://localhost:5000',
  level: 'info',
  label: 'University Management',
  timestamp: '2023-06-04T17:03:12.005Z'
}
{
  message: 'Database connected',
  level: 'info',
  label: 'University Management',
  timestamp: '2023-06-04T17:03:50.046Z'
}
{
  message: 'Server started at http://localhost:5000',
  level: 'info',
  label: 'University Management',
  timestamp: '2023-06-04T17:03:50.063Z'
}
{
  message: 'Database connected',
  level: 'info',
  label: 'University Management',
  timestamp: '2023-06-04T17:35:01.747Z'
}
{
  message: 'Server started at http://localhost:5000',
  level: 'info',
  label: 'University Management',
  timestamp: '2023-06-04T17:35:01.841Z'
}
{
  message: 'Database connected',
  level: 'info',
  label: 'University Management',
  timestamp: '2023-06-04T17:35:25.512Z'
}
{
  message: 'Server started at http://localhost:5000',
  level: 'info',
  label: 'University Management',
  timestamp: '2023-06-04T17:35:25.530Z'
}
{
  message: 'Database connected',
  level: 'info',
  label: 'University Management',
  timestamp: '2023-06-04T17:36:14.468Z'
}
{
  message: 'Server started at http://localhost:5000',
  level: 'info',
  label: 'University Management',
  timestamp: '2023-06-04T17:36:14.487Z'
}
