{
  message: 'Database connected',
  level: 'info',
  label: 'University Management',
  timestamp: '2023-06-04T15:29:21.517Z'
}
{
  message: 'Server started at http://localhost:5000',
  level: 'info',
  label: 'University Management',
  timestamp: '2023-06-04T15:29:21.565Z'
}
{
  message: 'Database connected',
  level: 'info',
  label: 'University Management',
  timestamp: '2023-06-04T15:30:28.721Z'
}
{
  message: 'Server started at http://localhost:5000',
  level: 'info',
  label: 'University Management',
  timestamp: '2023-06-04T15:30:28.740Z'
}
{
  message: 'Database connected',
  level: 'info',
  label: 'University Management',
  timestamp: '2023-06-04T15:30:38.300Z'
}
{
  message: 'Server started at http://localhost:5000',
  level: 'info',
  label: 'University Management',
  timestamp: '2023-06-04T15:30:38.329Z'
}
{
  message: 'Database connected',
  level: 'info',
  label: 'University Management',
  timestamp: '2023-06-04T15:31:11.940Z'
}
{
  message: 'Server started at http://localhost:5000',
  level: 'info',
  label: 'University Management',
  timestamp: '2023-06-04T15:31:11.976Z'
}
{
  message: 'Database connected',
  level: 'info',
  label: 'University Management',
  timestamp: '2023-06-04T15:31:15.452Z'
}
{
  message: 'Server started at http://localhost:5000',
  level: 'info',
  label: 'University Management',
  timestamp: '2023-06-04T15:31:15.470Z'
}
{
  message: 'Database connected',
  level: 'info',
  label: 'University Management',
  timestamp: '2023-06-04T15:32:01.889Z'
}
{
  message: 'Server started at http://localhost:5000',
  level: 'info',
  label: 'University Management',
  timestamp: '2023-06-04T15:32:02.021Z'
}
{
  message: 'Database connected',
  level: 'info',
  label: 'University Management',
  timestamp: '2023-06-04T15:33:00.791Z'
}
{
  message: 'Server started at http://localhost:5000',
  level: 'info',
  label: 'University Management',
  timestamp: '2023-06-04T15:33:00.814Z'
}
{
  message: 'Database connected',
  level: 'info',
  label: 'University Management',
  timestamp: '2023-06-04T15:33:10.159Z'
}
{
  message: 'Server started at http://localhost:5000',
  level: 'info',
  label: 'University Management',
  timestamp: '2023-06-04T15:33:10.182Z'
}
{
  message: 'Database connected',
  level: 'info',
  label: 'University Management',
  timestamp: '2023-06-04T15:33:27.195Z'
}
{
  message: 'Server started at http://localhost:5000',
  level: 'info',
  label: 'University Management',
  timestamp: '2023-06-04T15:33:27.236Z'
}
{
  message: 'Database connected',
  level: 'info',
  label: 'University Management',
  timestamp: '2023-06-04T15:33:40.525Z'
}
{
  message: 'Server started at http://localhost:5000',
  level: 'info',
  label: 'University Management',
  timestamp: '2023-06-04T15:33:40.548Z'
}
{
  message: 'Database connected',
  level: 'info',
  label: 'University Management',
  timestamp: '2023-06-04T15:34:30.664Z'
}
{
  message: 'Server started at http://localhost:5000',
  level: 'info',
  label: 'University Management',
  timestamp: '2023-06-04T15:34:30.720Z'
}
{
  message: 'Database connected',
  level: 'info',
  label: 'University Management',
  timestamp: '2023-06-04T15:38:10.604Z'
}
{
  message: 'Server started at http://localhost:5000',
  level: 'info',
  label: 'University Management',
  timestamp: '2023-06-04T15:38:10.619Z'
}
{
  message: 'Database connected',
  level: 'info',
  label: 'University Management',
  timestamp: '2023-06-04T15:38:19.135Z'
}
{
  message: 'Server started at http://localhost:5000',
  level: 'info',
  label: 'University Management',
  timestamp: '2023-06-04T15:38:19.155Z'
}
{
  message: 'Database connected',
  level: 'info',
  label: 'University Management',
  timestamp: '2023-06-04T15:39:07.008Z'
}
{
  message: 'Server started at http://localhost:5000',
  level: 'info',
  label: 'University Management',
  timestamp: '2023-06-04T15:39:07.032Z'
}
{
  message: 'Database connected',
  level: 'info',
  label: 'University Management',
  timestamp: '2023-06-04T15:40:35.735Z'
}
{
  message: 'Server started at http://localhost:5000',
  level: 'info',
  label: 'University Management',
  timestamp: '2023-06-04T15:40:35.754Z'
}
{
  message: 'Database connected',
  level: 'info',
  label: 'University Management',
  timestamp: '2023-06-04T15:40:44.083Z'
}
{
  message: 'Server started at http://localhost:5000',
  level: 'info',
  label: 'University Management',
  timestamp: '2023-06-04T15:40:44.101Z'
}
{
  message: 'Database connected',
  level: 'info',
  label: 'University Management',
  timestamp: '2023-06-04T15:41:41.507Z'
}
{
  message: 'Server started at http://localhost:5000',
  level: 'info',
  label: 'University Management',
  timestamp: '2023-06-04T15:41:41.543Z'
}
{
  message: 'Database connected',
  level: 'info',
  label: 'University Management',
  timestamp: '2023-06-04T15:41:45.056Z'
}
{
  message: 'Server started at http://localhost:5000',
  level: 'info',
  label: 'University Management',
  timestamp: '2023-06-04T15:41:45.076Z'
}
{
  message: 'Database connected',
  level: 'info',
  label: 'University Management',
  timestamp: '2023-06-04T15:41:52.263Z'
}
{
  message: 'Server started at http://localhost:5000',
  level: 'info',
  label: 'University Management',
  timestamp: '2023-06-04T15:41:52.283Z'
}
{
  message: 'Database connected',
  level: 'info',
  label: 'University Management',
  timestamp: '2023-06-04T15:41:56.959Z'
}
{
  message: 'Server started at http://localhost:5000',
  level: 'info',
  label: 'University Management',
  timestamp: '2023-06-04T15:41:56.999Z'
}
{
  message: 'Database connected',
  level: 'info',
  label: 'University Management',
  timestamp: '2023-06-04T15:42:00.255Z'
}
{
  message: 'Server started at http://localhost:5000',
  level: 'info',
  label: 'University Management',
  timestamp: '2023-06-04T15:42:00.273Z'
}
{
  message: 'Database connected',
  level: 'info',
  label: 'University Management',
  timestamp: '2023-06-04T15:42:07.913Z'
}
{
  message: 'Server started at http://localhost:5000',
  level: 'info',
  label: 'University Management',
  timestamp: '2023-06-04T15:42:07.929Z'
}
{
  message: 'Database connected',
  level: 'info',
  label: 'University Management',
  timestamp: '2023-06-04T15:42:11.942Z'
}
{
  message: 'Server started at http://localhost:5000',
  level: 'info',
  label: 'University Management',
  timestamp: '2023-06-04T15:42:11.959Z'
}
{
  message: 'Database connected',
  level: 'info',
  label: 'University Management',
  timestamp: '2023-06-04T15:42:27.515Z'
}
{
  message: 'Server started at http://localhost:5000',
  level: 'info',
  label: 'University Management',
  timestamp: '2023-06-04T15:42:27.541Z'
}
{
  message: 'Database connected',
  level: 'info',
  label: 'University Management',
  timestamp: '2023-06-04T15:42:31.058Z'
}
{
  message: 'Server started at http://localhost:5000',
  level: 'info',
  label: 'University Management',
  timestamp: '2023-06-04T15:42:31.078Z'
}
{
  message: 'Database connected',
  level: 'info',
  label: 'University Management',
  timestamp: '2023-06-04T15:42:44.048Z'
}
{
  message: 'Server started at http://localhost:5000',
  level: 'info',
  label: 'University Management',
  timestamp: '2023-06-04T15:42:44.156Z'
}
{
  message: 'Database connected',
  level: 'info',
  label: 'University Management',
  timestamp: '2023-06-04T15:43:18.834Z'
}
{
  message: 'Server started at http://localhost:5000',
  level: 'info',
  label: 'University Management',
  timestamp: '2023-06-04T15:43:18.858Z'
}
{
  message: 'Database connected',
  level: 'info',
  label: 'University Management',
  timestamp: '2023-06-04T15:43:24.567Z'
}
{
  message: 'Server started at http://localhost:5000',
  level: 'info',
  label: 'University Management',
  timestamp: '2023-06-04T15:43:24.591Z'
}
{
  message: 'Database connected',
  level: 'info',
  label: 'University Management',
  timestamp: '2023-06-04T15:43:47.375Z'
}
{
  message: 'Server started at http://localhost:5000',
  level: 'info',
  label: 'University Management',
  timestamp: '2023-06-04T15:43:47.398Z'
}
