Sat Jun 10 2023 14:27:32 GMT+0600 (Bangladesh Standard Time) 14:27:32 [University Management] error: Global Error Handler [
  {
    "code": "custom",
    "message": "Either Title or Code is required",
    "path": []
  }
]
Sat Jun 10 2023 14:28:32 GMT+0600 (Bangladesh Standard Time) 14:28:32 [University Management] error: Global Error Handler [
  {
    "code": "custom",
    "message": "Either Title and Code both are provide or neither",
    "path": []
  }
]
Sat Jun 10 2023 14:28:40 GMT+0600 (Bangladesh Standard Time) 14:28:40 [University Management] error: Global Error Handler [
  {
    "code": "custom",
    "message": "Either Title and Code both are provide or neither",
    "path": []
  }
]
Sat Jun 10 2023 14:30:22 GMT+0600 (Bangladesh Standard Time) 14:30:22 [University Management] error: Global Error Handler [
  {
    "received": "04",
    "code": "invalid_enum_value",
    "options": [
      "01",
      "02",
      "03"
    ],
    "path": [
      "body",
      "code"
    ],
    "message": "Invalid enum value. Expected '01' | '02' | '03', received '04'"
  }
]
