Mon Jun 26 2023 21:13:43 GMT+0600 (Bangladesh Standard Time) 21:13:43 [University Management] error: Global Error Handler Cannot set properties of undefined (setting 'id')
Mon Jun 26 2023 21:19:42 GMT+0600 (Bangladesh Standard Time) 21:19:42 [University Management] error: Global Error Handler Cannot set properties of undefined (setting 'id')
Mon Jun 26 2023 21:22:52 GMT+0600 (Bangladesh Standard Time) 21:22:52 [University Management] error: Global Error Handler Cannot set properties of undefined (setting 'id')
Mon Jun 26 2023 21:40:48 GMT+0600 (Bangladesh Standard Time) 21:40:48 [University Management] error: Global Error Handler Cannot populate path `ManagementDepartment` because it is not in your schema. Set the `strictPopulate` option to false to override.
Mon Jun 26 2023 21:41:25 GMT+0600 (Bangladesh Standard Time) 21:41:25 [University Management] error: Global Error Handler Cannot populate path `ManagementDepartment` because it is not in your schema. Set the `strictPopulate` option to false to override.
Mon Jun 26 2023 21:42:58 GMT+0600 (Bangladesh Standard Time) 21:42:58 [University Management] error: Global Error Handler Cast to ObjectId failed for value "{ id: '6499ae1d9bd1c3a97f39956d' }" (type Object) at path "_id" for model "Admin"
Mon Jun 26 2023 21:43:00 GMT+0600 (Bangladesh Standard Time) 21:43:0 [University Management] error: Global Error Handler Cast to ObjectId failed for value "{ id: '6499ae1d9bd1c3a97f39956d' }" (type Object) at path "_id" for model "Admin"
Mon Jun 26 2023 21:43:25 GMT+0600 (Bangladesh Standard Time) 21:43:25 [University Management] error: Global Error Handler Cannot populate path `ManagementDepartment` because it is not in your schema. Set the `strictPopulate` option to false to override.
Mon Jun 26 2023 21:43:29 GMT+0600 (Bangladesh Standard Time) 21:43:29 [University Management] error: Global Error Handler Cannot populate path `ManagementDepartment` because it is not in your schema. Set the `strictPopulate` option to false to override.
Mon Jun 26 2023 21:44:19 GMT+0600 (Bangladesh Standard Time) 21:44:19 [University Management] error: Global Error Handler Faculty not found !
Mon Jun 26 2023 21:44:41 GMT+0600 (Bangladesh Standard Time) 21:44:41 [University Management] error: Global Error Handler Faculty not found !
Mon Jun 26 2023 21:46:37 GMT+0600 (Bangladesh Standard Time) 21:46:37 [University Management] error: Global Error Handler Failed to delete student
Mon Jun 26 2023 21:47:19 GMT+0600 (Bangladesh Standard Time) 21:47:19 [University Management] error: Unhandled Rejection is detected Attempted illegal state transition from [TRANSACTION_ABORTED] to [TRANSACTION_COMMITTED]
Mon Jun 26 2023 21:50:27 GMT+0600 (Bangladesh Standard Time) 21:50:27 [University Management] error: Unhandled Rejection is detected Attempted illegal state transition from [TRANSACTION_ABORTED] to [TRANSACTION_COMMITTED]
Mon Jun 26 2023 21:53:02 GMT+0600 (Bangladesh Standard Time) 21:53:2 [University Management] error: Global Error Handler Unexpected token " in JSON at position 0
Mon Jun 26 2023 21:53:08 GMT+0600 (Bangladesh Standard Time) 21:53:8 [University Management] error: Global Error Handler Admin not found !
Mon Jun 26 2023 21:54:24 GMT+0600 (Bangladesh Standard Time) 21:54:24 [University Management] error: Global Error Handler Admin not found !
Mon Jun 26 2023 21:57:57 GMT+0600 (Bangladesh Standard Time) 21:57:57 [University Management] error: Global Error Handler Admin does not exist!
Mon Jun 26 2023 21:58:25 GMT+0600 (Bangladesh Standard Time) 21:58:25 [University Management] error: Global Error Handler Admin does not exist!
Mon Jun 26 2023 21:58:29 GMT+0600 (Bangladesh Standard Time) 21:58:29 [University Management] error: Global Error Handler Admin does not exist!
Mon Jun 26 2023 21:59:00 GMT+0600 (Bangladesh Standard Time) 21:59:0 [University Management] error: Global Error Handler Cast to ObjectId failed for value "{ _id: 'A-00002' }" (type Object) at path "_id" for model "Admin"
Mon Jun 26 2023 21:59:56 GMT+0600 (Bangladesh Standard Time) 21:59:56 [University Management] error: Global Error Handler Cast to ObjectId failed for value "{ id: 'A-00002' }" (type Object) at path "_id" for model "Admin"
Mon Jun 26 2023 21:59:57 GMT+0600 (Bangladesh Standard Time) 21:59:57 [University Management] error: Global Error Handler Cast to ObjectId failed for value "{ id: 'A-00002' }" (type Object) at path "_id" for model "Admin"
Mon Jun 26 2023 21:59:58 GMT+0600 (Bangladesh Standard Time) 21:59:58 [University Management] error: Global Error Handler Cast to ObjectId failed for value "{ id: 'A-00002' }" (type Object) at path "_id" for model "Admin"
