Tue Jun 06 2023 20:02:05 GMT+0600 (Bangladesh Standard Time) 20:2:5 [University Management] error: Global Error Handler [
  {
    "code": "invalid_type",
    "expected": "number",
    "received": "string",
    "path": [
      "body",
      "year"
    ],
    "message": "Expected number, received string"
  },
  {
    "code": "invalid_type",
    "expected": "number",
    "received": "undefined",
    "path": [
      "body",
      "semester"
    ],
    "message": "Semester is required"
  }
]
Tue Jun 06 2023 20:02:40 GMT+0600 (Bangladesh Standard Time) 20:2:40 [University Management] error: Global Error Handler [
  {
    "code": "invalid_type",
    "expected": "number",
    "received": "undefined",
    "path": [
      "body",
      "semester"
    ],
    "message": "Semester is required"
  }
]
